[debug] [2022-06-09T15:58:07.216Z] ----------------------------------------------------------------------
[debug] [2022-06-09T15:58:07.220Z] Command:       C:\Program Files\nodejs\node.exe C:\Users\Shreyash\AppData\Roaming\npm\node_modules\firebase-tools\lib\bin\firebase.js init
[debug] [2022-06-09T15:58:07.221Z] CLI Version:   11.0.1
[debug] [2022-06-09T15:58:07.221Z] Platform:      win32
[debug] [2022-06-09T15:58:07.221Z] Node Version:  v16.15.0
[debug] [2022-06-09T15:58:07.223Z] Time:          Thu Jun 09 2022 21:28:07 GMT+0530 (India Standard Time)
[debug] [2022-06-09T15:58:07.223Z] ----------------------------------------------------------------------
[debug] 
[debug] [2022-06-09T15:58:07.233Z] > command requires scopes: ["email","openid","https://www.googleapis.com/auth/cloudplatformprojects.readonly","https://www.googleapis.com/auth/firebase","https://www.googleapis.com/auth/cloud-platform"]
[debug] [2022-06-09T15:58:07.233Z] > authorizing via signed-in user (shreyashdupare65@gmail.com)
[info] 
     ######## #### ########  ######## ########     ###     ######  ########
     ##        ##  ##     ## ##       ##     ##  ##   ##  ##       ##
     ######    ##  ########  ######   ########  #########  ######  ######
     ##        ##  ##    ##  ##       ##     ## ##     ##       ## ##
     ##       #### ##     ## ######## ########  ##     ##  ######  ########

You're about to initialize a Firebase project in this directory:

  F:\movie

[info] 
=== Project Setup
[info] 
[info] First, let's associate this project directory with a Firebase project.
[info] You can create multiple project aliases by running firebase use --add, 
[info] but for now we'll just set up a default project.
[info] 
[debug] [2022-06-09T15:59:21.823Z] >>> [apiv2][query] GET https://firebase.googleapis.com/v1beta1/projects pageSize=100
[debug] [2022-06-09T15:59:22.597Z] <<< [apiv2][status] GET https://firebase.googleapis.com/v1beta1/projects 200
[debug] [2022-06-09T15:59:22.597Z] <<< [apiv2][body] GET https://firebase.googleapis.com/v1beta1/projects [omitted]
[info] i  Using project shreyash-s-movies-9861d (Shreyash's Movies) 
[info] 
=== Hosting Setup
[info] 
[info] Your public directory is the folder (relative to your project directory) that
[info] will contain Hosting assets to be uploaded with firebase deploy. If you
[info] have a build process for your assets, use your build's output directory.
[info] 
